flutter_app/android/app/build/intermediates/manifest_merge_blame_file/debug/processDebugMainManifest/manifest-merger-blame-debug-report.txt
1<?xml version="1.0" encoding="utf-8"?>
2<manifest xmlns:android="http://schemas.android.com/apk/res/android"
3    package="com.mycompany.sendcoordinate"
4    android:versionCode="1"
5    android:versionName="1.0.0" >
6
7    <uses-sdk
8        android:minSdkVersion="24"
9        android:targetSdkVersion="35" />
10    <!--
11         The INTERNET permission is required for development. Specifically,
12         the Flutter tool needs it to communicate with the running application
13         to allow setting breakpoints, to provide hot reload, etc.
14    -->
15    <uses-permission android:name="android.permission.INTERNET" />
15-->src\main\AndroidManifest.xml:3:5-67
15-->src\main\AndroidManifest.xml:3:22-64
16    <uses-permission android:name="android.permission.RECORD_AUDIO" />
16-->src\debug\AndroidManifest.xml:7:5-71
16-->src\debug\AndroidManifest.xml:7:22-68
17    <!-- flet: end of permission -->
18    <!-- flet: feature -->
19    <uses-feature
19-->src\main\AndroidManifest.xml:7:5-87
20        android:name="android.software.leanback"
20-->src\main\AndroidManifest.xml:7:19-59
21        android:required="false" /> <!-- flet: end of feature -->
21-->src\main\AndroidManifest.xml:7:60-84
22    <uses-feature
22-->src\main\AndroidManifest.xml:9:5-90
23        android:name="android.hardware.touchscreen"
23-->src\main\AndroidManifest.xml:9:19-62
24        android:required="false" /> <!-- flet: end of feature -->
24-->src\main\AndroidManifest.xml:9:63-87
25    <!--  -->
26    <application
27        android:name="android.app.Application"
28        android:debuggable="true"
29        android:enableOnBackInvokedCallback="true"
30        android:extractNativeLibs="true"
31        android:icon="@mipmap/ic_launcher"
32        android:label="sendcoordinate" >
33
34        <!-- flet: meta-data -->
35        <meta-data
36            android:name="io.flutter.embedding.android.EnableImpeller"
37            android:value="false" />
38        <!-- flet: end of meta-data -->
39        <activity
40            android:name="com.mycompany.sendcoordinate.MainActivity"
41            android:configChanges="orientation|keyboardHidden|keyboard|screenSize|smallestScreenSize|locale|layoutDirection|fontScale|screenLayout|density|uiMode"
42            android:exported="true"
43            android:hardwareAccelerated="true"
44            android:launchMode="singleTop"
45            android:theme="@style/LaunchTheme"
46            android:windowSoftInputMode="adjustResize" >
47
48            <!--
49                 Specifies an Android theme to apply to this Activity as soon as
50                 the Android process has started. This theme is visible to the user
51                 while the Flutter UI initializes. After that, this theme continues
52                 to determine the Window background behind the Flutter UI.
53            -->
54            <meta-data
55                android:name="io.flutter.embedding.android.NormalTheme"
56                android:resource="@style/NormalTheme" />
57
58            <intent-filter>
59                <action android:name="android.intent.action.MAIN" />
60
61                <category android:name="android.intent.category.LAUNCHER" />
62                <category android:name="android.intent.category.LEANBACK_LAUNCHER" /> <!-- Google TV -->
63            </intent-filter>
64            <!-- flet: deep linking -->
65        </activity>
66        <!--
67             Don't delete the meta-data below.
68             This is used by the Flutter tool to generate GeneratedPluginRegistrant.java
69        -->
70        <meta-data
71            android:name="flutterEmbedding"
72            android:value="2" />
73    </application>
74
75</manifest>